2023-05-07 08:41:38.057  INFO 21208 --- [restartedMain] com.deng.proj.ScwProjectApplication      : No active profile set, falling back to default profiles: default
2023-05-07 08:41:46.623  INFO 21208 --- [restartedMain] .s.d.r.c.RepositoryConfigurationDelegate : Multiple Spring Data modules found, entering strict repository configuration mode!
2023-05-07 08:41:46.624  INFO 21208 --- [restartedMain] .s.d.r.c.RepositoryConfigurationDelegate : Bootstrapping Spring Data JPA repositories in DEFAULT mode.
2023-05-07 08:41:47.059  INFO 21208 --- [restartedMain] .s.d.r.c.RepositoryConfigurationDelegate : Finished Spring Data repository scanning in 376ms. Found 5 JPA repository interfaces.
2023-05-07 08:41:47.127  INFO 21208 --- [restartedMain] .s.d.r.c.RepositoryConfigurationDelegate : Multiple Spring Data modules found, entering strict repository configuration mode!
2023-05-07 08:41:47.132  INFO 21208 --- [restartedMain] .s.d.r.c.RepositoryConfigurationDelegate : Bootstrapping Spring Data Redis repositories in DEFAULT mode.
2023-05-07 08:41:47.211  INFO 21208 --- [restartedMain] .RepositoryConfigurationExtensionSupport : Spring Data Redis - Could not safely identify store assignment for repository candidate interface com.deng.proj.repo.ProjectImagesRepository. If you want this repository to be a Redis repository, consider annotating your entities with one of these annotations: org.springframework.data.redis.core.RedisHash (preferred), or consider extending one of the following types with your repository: org.springframework.data.keyvalue.repository.KeyValueRepository.
2023-05-07 08:41:47.213  INFO 21208 --- [restartedMain] .RepositoryConfigurationExtensionSupport : Spring Data Redis - Could not safely identify store assignment for repository candidate interface com.deng.proj.repo.ProjectRepository. If you want this repository to be a Redis repository, consider annotating your entities with one of these annotations: org.springframework.data.redis.core.RedisHash (preferred), or consider extending one of the following types with your repository: org.springframework.data.keyvalue.repository.KeyValueRepository.
2023-05-07 08:41:47.215  INFO 21208 --- [restartedMain] .RepositoryConfigurationExtensionSupport : Spring Data Redis - Could not safely identify store assignment for repository candidate interface com.deng.proj.repo.ProjectTagRepository. If you want this repository to be a Redis repository, consider annotating your entities with one of these annotations: org.springframework.data.redis.core.RedisHash (preferred), or consider extending one of the following types with your repository: org.springframework.data.keyvalue.repository.KeyValueRepository.
2023-05-07 08:41:47.217  INFO 21208 --- [restartedMain] .RepositoryConfigurationExtensionSupport : Spring Data Redis - Could not safely identify store assignment for repository candidate interface com.deng.proj.repo.ProjectTypeRepository. If you want this repository to be a Redis repository, consider annotating your entities with one of these annotations: org.springframework.data.redis.core.RedisHash (preferred), or consider extending one of the following types with your repository: org.springframework.data.keyvalue.repository.KeyValueRepository.
2023-05-07 08:41:47.221  INFO 21208 --- [restartedMain] .RepositoryConfigurationExtensionSupport : Spring Data Redis - Could not safely identify store assignment for repository candidate interface com.deng.proj.repo.ReturnRepository. If you want this repository to be a Redis repository, consider annotating your entities with one of these annotations: org.springframework.data.redis.core.RedisHash (preferred), or consider extending one of the following types with your repository: org.springframework.data.keyvalue.repository.KeyValueRepository.
2023-05-07 08:41:47.222  INFO 21208 --- [restartedMain] .s.d.r.c.RepositoryConfigurationDelegate : Finished Spring Data repository scanning in 46ms. Found 0 Redis repository interfaces.
2023-05-07 08:41:48.254  WARN 21208 --- [restartedMain] o.s.boot.actuate.endpoint.EndpointId     : Endpoint ID 'service-registry' contains invalid characters, please migrate to a valid format.
2023-05-07 08:41:48.985  INFO 21208 --- [restartedMain] o.s.cloud.context.scope.GenericScope     : BeanFactory id=4528a133-a482-3c99-acc2-437569c08557
2023-05-07 08:41:49.532  INFO 21208 --- [restartedMain] trationDelegate$BeanPostProcessorChecker : Bean 'org.springframework.transaction.annotation.ProxyTransactionManagementConfiguration' of type [org.springframework.transaction.annotation.ProxyTransactionManagementConfiguration] is not eligible for getting processed by all BeanPostProcessors (for example: not eligible for auto-proxying)
2023-05-07 08:41:51.273  INFO 21208 --- [restartedMain] o.s.b.w.embedded.tomcat.TomcatWebServer  : Tomcat initialized with port(s): 8001 (http)
2023-05-07 08:41:51.317  INFO 21208 --- [restartedMain] o.apache.catalina.core.StandardService   : Starting service [Tomcat]
2023-05-07 08:41:51.318  INFO 21208 --- [restartedMain] org.apache.catalina.core.StandardEngine  : Starting Servlet engine: [Apache Tomcat/9.0.30]
2023-05-07 08:41:52.255  INFO 21208 --- [restartedMain] o.a.c.c.C.[Tomcat].[localhost].[/]       : Initializing Spring embedded WebApplicationContext
2023-05-07 08:41:52.256  INFO 21208 --- [restartedMain] o.s.web.context.ContextLoader            : Root WebApplicationContext: initialization completed in 14037 ms
2023-05-07 08:41:52.635  WARN 21208 --- [restartedMain] c.n.c.sources.URLConfigurationSource     : No URLs will be polled as dynamic configuration sources.
2023-05-07 08:41:52.637  INFO 21208 --- [restartedMain] c.n.c.sources.URLConfigurationSource     : To enable URLs as dynamic configuration sources, define System property archaius.configurationSource.additionalUrls or make config.properties available on classpath.
2023-05-07 08:41:52.698  INFO 21208 --- [restartedMain] c.netflix.config.DynamicPropertyFactory  : DynamicPropertyFactory is initialized with configuration sources: com.netflix.config.ConcurrentCompositeConfiguration@5f78d4a4
2023-05-07 08:41:56.861  INFO 21208 --- [restartedMain] com.zaxxer.hikari.HikariDataSource       : HikariPool-1 - Starting...
2023-05-07 08:41:57.633  INFO 21208 --- [restartedMain] com.zaxxer.hikari.HikariDataSource       : HikariPool-1 - Start completed.
2023-05-07 08:41:57.771  INFO 21208 --- [restartedMain] o.hibernate.jpa.internal.util.LogHelper  : HHH000204: Processing PersistenceUnitInfo [name: default]
2023-05-07 08:41:58.139  INFO 21208 --- [restartedMain] org.hibernate.Version                    : HHH000412: Hibernate Core {5.4.10.Final}
2023-05-07 08:41:58.718  INFO 21208 --- [restartedMain] o.hibernate.annotations.common.Version   : HCANN000001: Hibernate Commons Annotations {5.1.0.Final}
2023-05-07 08:41:59.174  INFO 21208 --- [restartedMain] org.hibernate.dialect.Dialect            : HHH000400: Using dialect: org.hibernate.dialect.MySQL8Dialect
2023-05-07 08:42:01.459  INFO 21208 --- [restartedMain] o.h.e.t.j.p.i.JtaPlatformInitiator       : HHH000490: Using JtaPlatform implementation: [org.hibernate.engine.transaction.jta.platform.internal.NoJtaPlatform]
2023-05-07 08:42:01.498  INFO 21208 --- [restartedMain] j.LocalContainerEntityManagerFactoryBean : Initialized JPA EntityManagerFactory for persistence unit 'default'
2023-05-07 08:42:03.953  WARN 21208 --- [restartedMain] JpaBaseConfiguration$JpaWebConfiguration : spring.jpa.open-in-view is enabled by default. Therefore, database queries may be performed during view rendering. Explicitly configure spring.jpa.open-in-view to disable this warning
2023-05-07 08:42:04.495  INFO 21208 --- [restartedMain] o.s.b.a.e.web.EndpointLinksResolver      : Exposing 2 endpoint(s) beneath base path '/actuator'
2023-05-07 08:42:04.848  INFO 21208 --- [restartedMain] pertySourcedRequestMappingHandlerMapping : Mapped URL path [/v2/api-docs] onto method [springfox.documentation.swagger2.web.Swagger2Controller#getDocumentation(String, HttpServletRequest)]
2023-05-07 08:42:04.931  WARN 21208 --- [restartedMain] c.n.c.sources.URLConfigurationSource     : No URLs will be polled as dynamic configuration sources.
2023-05-07 08:42:04.932  INFO 21208 --- [restartedMain] c.n.c.sources.URLConfigurationSource     : To enable URLs as dynamic configuration sources, define System property archaius.configurationSource.additionalUrls or make config.properties available on classpath.
2023-05-07 08:42:05.449  INFO 21208 --- [restartedMain] o.s.s.concurrent.ThreadPoolTaskExecutor  : Initializing ExecutorService 'applicationTaskExecutor'
2023-05-07 08:42:05.600  WARN 21208 --- [restartedMain] o.s.b.d.a.OptionalLiveReloadServer       : Unable to start LiveReload server
2023-05-07 08:42:11.583  WARN 21208 --- [restartedMain] ockingLoadBalancerClientRibbonWarnLogger : You already have RibbonLoadBalancerClient on your classpath. It will be used by default. As Spring Cloud Ribbon is in maintenance mode. We recommend switching to BlockingLoadBalancerClient instead. In order to use it, set the value of `spring.cloud.loadbalancer.ribbon.enabled` to `false` or remove spring-cloud-starter-netflix-ribbon from your project.
2023-05-07 08:42:11.916  INFO 21208 --- [restartedMain] o.s.c.n.eureka.InstanceInfoFactory       : Setting initial instance status as: STARTING
2023-05-07 08:42:12.030  INFO 21208 --- [restartedMain] com.netflix.discovery.DiscoveryClient    : Initializing Eureka in region us-east-1
2023-05-07 08:42:12.199  INFO 21208 --- [restartedMain] c.n.d.provider.DiscoveryJerseyProvider   : Using JSON encoding codec LegacyJacksonJson
2023-05-07 08:42:12.200  INFO 21208 --- [restartedMain] c.n.d.provider.DiscoveryJerseyProvider   : Using JSON decoding codec LegacyJacksonJson
2023-05-07 08:42:12.496  INFO 21208 --- [restartedMain] c.n.d.provider.DiscoveryJerseyProvider   : Using XML encoding codec XStreamXml
2023-05-07 08:42:12.499  INFO 21208 --- [restartedMain] c.n.d.provider.DiscoveryJerseyProvider   : Using XML decoding codec XStreamXml
2023-05-07 08:42:13.024  INFO 21208 --- [restartedMain] c.n.d.s.r.aws.ConfigClusterResolver      : Resolving eureka endpoints via configuration
2023-05-07 08:42:14.341  INFO 21208 --- [restartedMain] com.netflix.discovery.DiscoveryClient    : Disable delta property : false
2023-05-07 08:42:14.341  INFO 21208 --- [restartedMain] com.netflix.discovery.DiscoveryClient    : Single vip registry refresh property : null
2023-05-07 08:42:14.341  INFO 21208 --- [restartedMain] com.netflix.discovery.DiscoveryClient    : Force full registry fetch : false
2023-05-07 08:42:14.342  INFO 21208 --- [restartedMain] com.netflix.discovery.DiscoveryClient    : Application is null : false
2023-05-07 08:42:14.342  INFO 21208 --- [restartedMain] com.netflix.discovery.DiscoveryClient    : Registered Applications size is zero : true
2023-05-07 08:42:14.342  INFO 21208 --- [restartedMain] com.netflix.discovery.DiscoveryClient    : Application version is -1: true
2023-05-07 08:42:14.342  INFO 21208 --- [restartedMain] com.netflix.discovery.DiscoveryClient    : Getting all instance registry info from the eureka server
2023-05-07 08:42:14.822  INFO 21208 --- [restartedMain] com.netflix.discovery.DiscoveryClient    : The response status is 200
2023-05-07 08:42:14.827  INFO 21208 --- [restartedMain] com.netflix.discovery.DiscoveryClient    : Starting heartbeat executor: renew interval is: 30
2023-05-07 08:42:14.832  INFO 21208 --- [restartedMain] c.n.discovery.InstanceInfoReplicator     : InstanceInfoReplicator onDemand update allowed rate per min is 4
2023-05-07 08:42:14.840  INFO 21208 --- [restartedMain] com.netflix.discovery.DiscoveryClient    : Discovery Client initialized at timestamp 1683420134838 with initial instances count: 2
2023-05-07 08:42:14.843  INFO 21208 --- [restartedMain] o.s.c.n.e.s.EurekaServiceRegistry        : Registering application SCW-PROJECT with eureka with status UP
2023-05-07 08:42:14.845  INFO 21208 --- [restartedMain] com.netflix.discovery.DiscoveryClient    : Saw local status change event StatusChangeEvent [timestamp=1683420134845, current=UP, previous=STARTING]
2023-05-07 08:42:14.849  INFO 21208 --- [restartedMain] d.s.w.p.DocumentationPluginsBootstrapper : Context refreshed
2023-05-07 08:42:14.850  INFO 21208 --- [DiscoveryClient-InstanceInfoReplicator-0] com.netflix.discovery.DiscoveryClient    : DiscoveryClient_SCW-PROJECT/LAPTOP-26G6KRJQ:scw-project:8001: registering service...
2023-05-07 08:42:14.885  INFO 21208 --- [restartedMain] d.s.w.p.DocumentationPluginsBootstrapper : Found 1 custom documentation plugin(s)
2023-05-07 08:42:14.941  INFO 21208 --- [DiscoveryClient-InstanceInfoReplicator-0] com.netflix.discovery.DiscoveryClient    : DiscoveryClient_SCW-PROJECT/LAPTOP-26G6KRJQ:scw-project:8001 - registration status: 204
2023-05-07 08:42:14.949  INFO 21208 --- [restartedMain] s.d.s.w.s.ApiListingReferenceScanner     : Scanning for api listing references
2023-05-07 08:42:15.395  INFO 21208 --- [restartedMain] o.s.b.w.embedded.tomcat.TomcatWebServer  : Tomcat started on port(s): 8001 (http) with context path ''
2023-05-07 08:42:15.397  INFO 21208 --- [restartedMain] .s.c.n.e.s.EurekaAutoServiceRegistration : Updating port to 8001
2023-05-07 08:42:17.446  INFO 21208 --- [restartedMain] com.deng.proj.ScwProjectApplication      : Started ScwProjectApplication in 55.193 seconds (JVM running for 61.46)
2023-05-07 08:42:19.027  INFO 21208 --- [RMI TCP Connection(5)-172.19.64.1] o.a.c.c.C.[Tomcat].[localhost].[/]       : Initializing Spring DispatcherServlet 'dispatcherServlet'
2023-05-07 08:42:19.028  INFO 21208 --- [RMI TCP Connection(5)-172.19.64.1] o.s.web.servlet.DispatcherServlet        : Initializing Servlet 'dispatcherServlet'
2023-05-07 08:42:19.060  INFO 21208 --- [RMI TCP Connection(5)-172.19.64.1] o.s.web.servlet.DispatcherServlet        : Completed initialization in 32 ms
2023-05-07 08:42:19.454  INFO 21208 --- [boundedElastic-1] io.lettuce.core.EpollProvider            : Starting without optional epoll library
2023-05-07 08:42:19.460  INFO 21208 --- [boundedElastic-1] io.lettuce.core.KqueueProvider           : Starting without optional kqueue library
2023-05-07 09:01:36.566  WARN 21208 --- [HikariPool-1 housekeeper] com.zaxxer.hikari.pool.HikariPool        : HikariPool-1 - Thread starvation or clock leap detected (housekeeper delta=15m8s892ms901µs200ns).
2023-05-07 09:01:53.111  INFO 21208 --- [AsyncResolver-bootstrap-executor-0] c.n.d.s.r.aws.ConfigClusterResolver      : Resolving eureka endpoints via configuration
2023-05-07 09:06:53.114  INFO 21208 --- [AsyncResolver-bootstrap-executor-0] c.n.d.s.r.aws.ConfigClusterResolver      : Resolving eureka endpoints via configuration
2023-05-07 09:11:53.119  INFO 21208 --- [AsyncResolver-bootstrap-executor-0] c.n.d.s.r.aws.ConfigClusterResolver      : Resolving eureka endpoints via configuration
2023-05-07 09:16:53.126  INFO 21208 --- [AsyncResolver-bootstrap-executor-0] c.n.d.s.r.aws.ConfigClusterResolver      : Resolving eureka endpoints via configuration
2023-05-07 09:21:32.566  WARN 21208 --- [HikariPool-1 housekeeper] com.zaxxer.hikari.pool.HikariPool        : HikariPool-1 - Thread starvation or clock leap detected (housekeeper delta=55s840ms565µs700ns).
2023-05-07 09:22:18.814  INFO 21208 --- [AsyncResolver-bootstrap-executor-0] c.n.d.s.r.aws.ConfigClusterResolver      : Resolving eureka endpoints via configuration
2023-05-07 09:27:18.829  INFO 21208 --- [AsyncResolver-bootstrap-executor-0] c.n.d.s.r.aws.ConfigClusterResolver      : Resolving eureka endpoints via configuration
2023-05-07 09:32:20.611  INFO 21208 --- [AsyncResolver-bootstrap-executor-0] c.n.d.s.r.aws.ConfigClusterResolver      : Resolving eureka endpoints via configuration
2023-05-07 09:37:20.621  INFO 21208 --- [AsyncResolver-bootstrap-executor-0] c.n.d.s.r.aws.ConfigClusterResolver      : Resolving eureka endpoints via configuration
2023-05-07 09:42:20.624  INFO 21208 --- [AsyncResolver-bootstrap-executor-0] c.n.d.s.r.aws.ConfigClusterResolver      : Resolving eureka endpoints via configuration
2023-05-07 09:47:20.635  INFO 21208 --- [AsyncResolver-bootstrap-executor-0] c.n.d.s.r.aws.ConfigClusterResolver      : Resolving eureka endpoints via configuration
2023-05-07 09:52:24.465  INFO 21208 --- [AsyncResolver-bootstrap-executor-0] c.n.d.s.r.aws.ConfigClusterResolver      : Resolving eureka endpoints via configuration
2023-05-07 09:57:24.468  INFO 21208 --- [AsyncResolver-bootstrap-executor-0] c.n.d.s.r.aws.ConfigClusterResolver      : Resolving eureka endpoints via configuration
2023-05-07 10:02:24.475  INFO 21208 --- [AsyncResolver-bootstrap-executor-0] c.n.d.s.r.aws.ConfigClusterResolver      : Resolving eureka endpoints via configuration
2023-05-07 10:07:24.488  INFO 21208 --- [AsyncResolver-bootstrap-executor-0] c.n.d.s.r.aws.ConfigClusterResolver      : Resolving eureka endpoints via configuration
2023-05-07 10:12:24.502  INFO 21208 --- [AsyncResolver-bootstrap-executor-0] c.n.d.s.r.aws.ConfigClusterResolver      : Resolving eureka endpoints via configuration
2023-05-07 10:17:24.518  INFO 21208 --- [AsyncResolver-bootstrap-executor-0] c.n.d.s.r.aws.ConfigClusterResolver      : Resolving eureka endpoints via configuration
2023-05-07 21:59:56.136  WARN 21208 --- [HikariPool-1 housekeeper] com.zaxxer.hikari.pool.HikariPool        : HikariPool-1 - Thread starvation or clock leap detected (housekeeper delta=11h39m47s106ms164µs300ns).
2023-05-07 22:01:41.491  INFO 21208 --- [AsyncResolver-bootstrap-executor-0] c.n.d.s.r.aws.ConfigClusterResolver      : Resolving eureka endpoints via configuration
