2023-05-07 08:41:15.781  INFO 10052 --- [restartedMain] com.deng.proj.ScwUserApplication         : No active profile set, falling back to default profiles: default
2023-05-07 08:41:22.061  INFO 10052 --- [restartedMain] .s.d.r.c.RepositoryConfigurationDelegate : Multiple Spring Data modules found, entering strict repository configuration mode!
2023-05-07 08:41:22.062  INFO 10052 --- [restartedMain] .s.d.r.c.RepositoryConfigurationDelegate : Bootstrapping Spring Data JPA repositories in DEFAULT mode.
2023-05-07 08:41:22.272  INFO 10052 --- [restartedMain] .s.d.r.c.RepositoryConfigurationDelegate : Finished Spring Data repository scanning in 169ms. Found 2 JPA repository interfaces.
2023-05-07 08:41:22.343  INFO 10052 --- [restartedMain] .s.d.r.c.RepositoryConfigurationDelegate : Multiple Spring Data modules found, entering strict repository configuration mode!
2023-05-07 08:41:22.349  INFO 10052 --- [restartedMain] .s.d.r.c.RepositoryConfigurationDelegate : Bootstrapping Spring Data Redis repositories in DEFAULT mode.
2023-05-07 08:41:22.412  INFO 10052 --- [restartedMain] .RepositoryConfigurationExtensionSupport : Spring Data Redis - Could not safely identify store assignment for repository candidate interface com.deng.proj.repo.AddressRepository. If you want this repository to be a Redis repository, consider annotating your entities with one of these annotations: org.springframework.data.redis.core.RedisHash (preferred), or consider extending one of the following types with your repository: org.springframework.data.keyvalue.repository.KeyValueRepository.
2023-05-07 08:41:22.413  INFO 10052 --- [restartedMain] .RepositoryConfigurationExtensionSupport : Spring Data Redis - Could not safely identify store assignment for repository candidate interface com.deng.proj.repo.MemberRepository. If you want this repository to be a Redis repository, consider annotating your entities with one of these annotations: org.springframework.data.redis.core.RedisHash (preferred), or consider extending one of the following types with your repository: org.springframework.data.keyvalue.repository.KeyValueRepository.
2023-05-07 08:41:22.414  INFO 10052 --- [restartedMain] .s.d.r.c.RepositoryConfigurationDelegate : Finished Spring Data repository scanning in 27ms. Found 0 Redis repository interfaces.
2023-05-07 08:41:22.999  WARN 10052 --- [restartedMain] o.s.boot.actuate.endpoint.EndpointId     : Endpoint ID 'service-registry' contains invalid characters, please migrate to a valid format.
2023-05-07 08:41:23.489  INFO 10052 --- [restartedMain] o.s.cloud.context.scope.GenericScope     : BeanFactory id=f1557005-6e7d-3056-aaf7-e1b748911614
2023-05-07 08:41:23.867  INFO 10052 --- [restartedMain] trationDelegate$BeanPostProcessorChecker : Bean 'org.springframework.transaction.annotation.ProxyTransactionManagementConfiguration' of type [org.springframework.transaction.annotation.ProxyTransactionManagementConfiguration] is not eligible for getting processed by all BeanPostProcessors (for example: not eligible for auto-proxying)
2023-05-07 08:41:29.079  INFO 10052 --- [restartedMain] o.s.b.w.embedded.tomcat.TomcatWebServer  : Tomcat initialized with port(s): 8000 (http)
2023-05-07 08:41:29.146  INFO 10052 --- [restartedMain] o.apache.catalina.core.StandardService   : Starting service [Tomcat]
2023-05-07 08:41:29.147  INFO 10052 --- [restartedMain] org.apache.catalina.core.StandardEngine  : Starting Servlet engine: [Apache Tomcat/9.0.30]
2023-05-07 08:41:30.555  INFO 10052 --- [restartedMain] o.a.c.c.C.[Tomcat].[localhost].[/]       : Initializing Spring embedded WebApplicationContext
2023-05-07 08:41:30.556  INFO 10052 --- [restartedMain] o.s.web.context.ContextLoader            : Root WebApplicationContext: initialization completed in 14700 ms
2023-05-07 08:41:31.302  WARN 10052 --- [restartedMain] c.n.c.sources.URLConfigurationSource     : No URLs will be polled as dynamic configuration sources.
2023-05-07 08:41:31.304  INFO 10052 --- [restartedMain] c.n.c.sources.URLConfigurationSource     : To enable URLs as dynamic configuration sources, define System property archaius.configurationSource.additionalUrls or make config.properties available on classpath.
2023-05-07 08:41:31.385  INFO 10052 --- [restartedMain] c.netflix.config.DynamicPropertyFactory  : DynamicPropertyFactory is initialized with configuration sources: com.netflix.config.ConcurrentCompositeConfiguration@ed9ec0d
2023-05-07 08:41:42.938  INFO 10052 --- [restartedMain] com.zaxxer.hikari.HikariDataSource       : HikariPool-1 - Starting...
2023-05-07 08:41:44.398  INFO 10052 --- [restartedMain] com.zaxxer.hikari.HikariDataSource       : HikariPool-1 - Start completed.
2023-05-07 08:41:44.573  INFO 10052 --- [restartedMain] o.hibernate.jpa.internal.util.LogHelper  : HHH000204: Processing PersistenceUnitInfo [name: default]
2023-05-07 08:41:45.032  INFO 10052 --- [restartedMain] org.hibernate.Version                    : HHH000412: Hibernate Core {5.4.10.Final}
2023-05-07 08:41:45.898  INFO 10052 --- [restartedMain] o.hibernate.annotations.common.Version   : HCANN000001: Hibernate Commons Annotations {5.1.0.Final}
2023-05-07 08:41:46.623  INFO 10052 --- [restartedMain] org.hibernate.dialect.Dialect            : HHH000400: Using dialect: org.hibernate.dialect.MySQL8Dialect
2023-05-07 08:41:49.715  INFO 10052 --- [restartedMain] o.h.e.t.j.p.i.JtaPlatformInitiator       : HHH000490: Using JtaPlatform implementation: [org.hibernate.engine.transaction.jta.platform.internal.NoJtaPlatform]
2023-05-07 08:41:49.748  INFO 10052 --- [restartedMain] j.LocalContainerEntityManagerFactoryBean : Initialized JPA EntityManagerFactory for persistence unit 'default'
2023-05-07 08:41:52.289  WARN 10052 --- [restartedMain] JpaBaseConfiguration$JpaWebConfiguration : spring.jpa.open-in-view is enabled by default. Therefore, database queries may be performed during view rendering. Explicitly configure spring.jpa.open-in-view to disable this warning
2023-05-07 08:41:52.819  INFO 10052 --- [restartedMain] o.s.b.a.e.web.EndpointLinksResolver      : Exposing 2 endpoint(s) beneath base path '/actuator'
2023-05-07 08:41:53.073  INFO 10052 --- [restartedMain] pertySourcedRequestMappingHandlerMapping : Mapped URL path [/v2/api-docs] onto method [springfox.documentation.swagger2.web.Swagger2Controller#getDocumentation(String, HttpServletRequest)]
2023-05-07 08:41:53.129  WARN 10052 --- [restartedMain] c.n.c.sources.URLConfigurationSource     : No URLs will be polled as dynamic configuration sources.
2023-05-07 08:41:53.129  INFO 10052 --- [restartedMain] c.n.c.sources.URLConfigurationSource     : To enable URLs as dynamic configuration sources, define System property archaius.configurationSource.additionalUrls or make config.properties available on classpath.
2023-05-07 08:41:53.494  INFO 10052 --- [restartedMain] o.s.s.concurrent.ThreadPoolTaskExecutor  : Initializing ExecutorService 'applicationTaskExecutor'
2023-05-07 08:41:53.604  WARN 10052 --- [restartedMain] o.s.b.d.a.OptionalLiveReloadServer       : Unable to start LiveReload server
2023-05-07 08:41:58.968  WARN 10052 --- [restartedMain] ockingLoadBalancerClientRibbonWarnLogger : You already have RibbonLoadBalancerClient on your classpath. It will be used by default. As Spring Cloud Ribbon is in maintenance mode. We recommend switching to BlockingLoadBalancerClient instead. In order to use it, set the value of `spring.cloud.loadbalancer.ribbon.enabled` to `false` or remove spring-cloud-starter-netflix-ribbon from your project.
2023-05-07 08:41:59.340  INFO 10052 --- [restartedMain] o.s.c.n.eureka.InstanceInfoFactory       : Setting initial instance status as: STARTING
2023-05-07 08:41:59.463  INFO 10052 --- [restartedMain] com.netflix.discovery.DiscoveryClient    : Initializing Eureka in region us-east-1
2023-05-07 08:41:59.696  INFO 10052 --- [restartedMain] c.n.d.provider.DiscoveryJerseyProvider   : Using JSON encoding codec LegacyJacksonJson
2023-05-07 08:41:59.697  INFO 10052 --- [restartedMain] c.n.d.provider.DiscoveryJerseyProvider   : Using JSON decoding codec LegacyJacksonJson
2023-05-07 08:42:00.232  INFO 10052 --- [restartedMain] c.n.d.provider.DiscoveryJerseyProvider   : Using XML encoding codec XStreamXml
2023-05-07 08:42:00.238  INFO 10052 --- [restartedMain] c.n.d.provider.DiscoveryJerseyProvider   : Using XML decoding codec XStreamXml
2023-05-07 08:42:00.804  INFO 10052 --- [restartedMain] c.n.d.s.r.aws.ConfigClusterResolver      : Resolving eureka endpoints via configuration
2023-05-07 08:42:02.560  INFO 10052 --- [restartedMain] com.netflix.discovery.DiscoveryClient    : Disable delta property : false
2023-05-07 08:42:02.561  INFO 10052 --- [restartedMain] com.netflix.discovery.DiscoveryClient    : Single vip registry refresh property : null
2023-05-07 08:42:02.562  INFO 10052 --- [restartedMain] com.netflix.discovery.DiscoveryClient    : Force full registry fetch : false
2023-05-07 08:42:02.563  INFO 10052 --- [restartedMain] com.netflix.discovery.DiscoveryClient    : Application is null : false
2023-05-07 08:42:02.564  INFO 10052 --- [restartedMain] com.netflix.discovery.DiscoveryClient    : Registered Applications size is zero : true
2023-05-07 08:42:02.564  INFO 10052 --- [restartedMain] com.netflix.discovery.DiscoveryClient    : Application version is -1: true
2023-05-07 08:42:02.564  INFO 10052 --- [restartedMain] com.netflix.discovery.DiscoveryClient    : Getting all instance registry info from the eureka server
2023-05-07 08:42:03.184  INFO 10052 --- [restartedMain] com.netflix.discovery.DiscoveryClient    : The response status is 200
2023-05-07 08:42:03.195  INFO 10052 --- [restartedMain] com.netflix.discovery.DiscoveryClient    : Starting heartbeat executor: renew interval is: 30
2023-05-07 08:42:03.205  INFO 10052 --- [restartedMain] c.n.discovery.InstanceInfoReplicator     : InstanceInfoReplicator onDemand update allowed rate per min is 4
2023-05-07 08:42:03.222  INFO 10052 --- [restartedMain] com.netflix.discovery.DiscoveryClient    : Discovery Client initialized at timestamp 1683420123218 with initial instances count: 2
2023-05-07 08:42:03.233  INFO 10052 --- [restartedMain] o.s.c.n.e.s.EurekaServiceRegistry        : Registering application SCW-USER with eureka with status UP
2023-05-07 08:42:03.236  INFO 10052 --- [restartedMain] com.netflix.discovery.DiscoveryClient    : Saw local status change event StatusChangeEvent [timestamp=1683420123236, current=UP, previous=STARTING]
2023-05-07 08:42:03.245  INFO 10052 --- [restartedMain] d.s.w.p.DocumentationPluginsBootstrapper : Context refreshed
2023-05-07 08:42:03.247  INFO 10052 --- [DiscoveryClient-InstanceInfoReplicator-0] com.netflix.discovery.DiscoveryClient    : DiscoveryClient_SCW-USER/LAPTOP-26G6KRJQ:scw-user:8000: registering service...
2023-05-07 08:42:03.314  INFO 10052 --- [restartedMain] d.s.w.p.DocumentationPluginsBootstrapper : Found 1 custom documentation plugin(s)
2023-05-07 08:42:03.399  INFO 10052 --- [DiscoveryClient-InstanceInfoReplicator-0] com.netflix.discovery.DiscoveryClient    : DiscoveryClient_SCW-USER/LAPTOP-26G6KRJQ:scw-user:8000 - registration status: 204
2023-05-07 08:42:03.420  INFO 10052 --- [restartedMain] s.d.s.w.s.ApiListingReferenceScanner     : Scanning for api listing references
2023-05-07 08:42:04.107  INFO 10052 --- [restartedMain] o.s.b.w.embedded.tomcat.TomcatWebServer  : Tomcat started on port(s): 8000 (http) with context path ''
2023-05-07 08:42:04.112  INFO 10052 --- [restartedMain] .s.c.n.e.s.EurekaAutoServiceRegistration : Updating port to 8000
2023-05-07 08:42:07.273  INFO 10052 --- [restartedMain] com.deng.proj.ScwUserApplication         : Started ScwUserApplication in 59.477 seconds (JVM running for 66.483)
2023-05-07 08:42:11.382  INFO 10052 --- [RMI TCP Connection(11)-172.19.64.1] o.a.c.c.C.[Tomcat].[localhost].[/]       : Initializing Spring DispatcherServlet 'dispatcherServlet'
2023-05-07 08:42:11.383  INFO 10052 --- [RMI TCP Connection(11)-172.19.64.1] o.s.web.servlet.DispatcherServlet        : Initializing Servlet 'dispatcherServlet'
2023-05-07 08:42:11.413  INFO 10052 --- [RMI TCP Connection(11)-172.19.64.1] o.s.web.servlet.DispatcherServlet        : Completed initialization in 29 ms
2023-05-07 08:42:11.758  INFO 10052 --- [boundedElastic-1] io.lettuce.core.EpollProvider            : Starting without optional epoll library
2023-05-07 08:42:11.762  INFO 10052 --- [boundedElastic-1] io.lettuce.core.KqueueProvider           : Starting without optional kqueue library
2023-05-07 09:01:41.323  INFO 10052 --- [AsyncResolver-bootstrap-executor-0] c.n.d.s.r.aws.ConfigClusterResolver      : Resolving eureka endpoints via configuration
2023-05-07 09:01:53.344  WARN 10052 --- [HikariPool-1 housekeeper] com.zaxxer.hikari.pool.HikariPool        : HikariPool-1 - Thread starvation or clock leap detected (housekeeper delta=15m8s896ms395µs200ns).
2023-05-07 09:06:41.336  INFO 10052 --- [AsyncResolver-bootstrap-executor-0] c.n.d.s.r.aws.ConfigClusterResolver      : Resolving eureka endpoints via configuration
2023-05-07 09:11:41.339  INFO 10052 --- [AsyncResolver-bootstrap-executor-0] c.n.d.s.r.aws.ConfigClusterResolver      : Resolving eureka endpoints via configuration
2023-05-07 09:16:41.352  INFO 10052 --- [AsyncResolver-bootstrap-executor-0] c.n.d.s.r.aws.ConfigClusterResolver      : Resolving eureka endpoints via configuration
2023-05-07 09:21:49.366  WARN 10052 --- [HikariPool-1 housekeeper] com.zaxxer.hikari.pool.HikariPool        : HikariPool-1 - Thread starvation or clock leap detected (housekeeper delta=55s821ms224µs900ns).
2023-05-07 09:22:07.043  INFO 10052 --- [AsyncResolver-bootstrap-executor-0] c.n.d.s.r.aws.ConfigClusterResolver      : Resolving eureka endpoints via configuration
2023-05-07 09:24:06.305  INFO 10052 --- [http-nio-8000-exec-7] c.d.proj.service.impl.MemberServiceImpl  : 修改用户信息到数据:17329347440
2023-05-07 09:27:07.051  INFO 10052 --- [AsyncResolver-bootstrap-executor-0] c.n.d.s.r.aws.ConfigClusterResolver      : Resolving eureka endpoints via configuration
2023-05-07 09:32:08.841  INFO 10052 --- [AsyncResolver-bootstrap-executor-0] c.n.d.s.r.aws.ConfigClusterResolver      : Resolving eureka endpoints via configuration
2023-05-07 09:37:08.849  INFO 10052 --- [AsyncResolver-bootstrap-executor-0] c.n.d.s.r.aws.ConfigClusterResolver      : Resolving eureka endpoints via configuration
2023-05-07 09:42:08.863  INFO 10052 --- [AsyncResolver-bootstrap-executor-0] c.n.d.s.r.aws.ConfigClusterResolver      : Resolving eureka endpoints via configuration
2023-05-07 09:47:08.878  INFO 10052 --- [AsyncResolver-bootstrap-executor-0] c.n.d.s.r.aws.ConfigClusterResolver      : Resolving eureka endpoints via configuration
2023-05-07 09:52:12.706  INFO 10052 --- [AsyncResolver-bootstrap-executor-0] c.n.d.s.r.aws.ConfigClusterResolver      : Resolving eureka endpoints via configuration
2023-05-07 09:57:12.719  INFO 10052 --- [AsyncResolver-bootstrap-executor-0] c.n.d.s.r.aws.ConfigClusterResolver      : Resolving eureka endpoints via configuration
2023-05-07 10:02:12.725  INFO 10052 --- [AsyncResolver-bootstrap-executor-0] c.n.d.s.r.aws.ConfigClusterResolver      : Resolving eureka endpoints via configuration
2023-05-07 10:07:12.738  INFO 10052 --- [AsyncResolver-bootstrap-executor-0] c.n.d.s.r.aws.ConfigClusterResolver      : Resolving eureka endpoints via configuration
2023-05-07 10:12:12.742  INFO 10052 --- [AsyncResolver-bootstrap-executor-0] c.n.d.s.r.aws.ConfigClusterResolver      : Resolving eureka endpoints via configuration
2023-05-07 10:17:12.747  INFO 10052 --- [AsyncResolver-bootstrap-executor-0] c.n.d.s.r.aws.ConfigClusterResolver      : Resolving eureka endpoints via configuration
2023-05-07 22:00:12.957  WARN 10052 --- [HikariPool-1 housekeeper] com.zaxxer.hikari.pool.HikariPool        : HikariPool-1 - Thread starvation or clock leap detected (housekeeper delta=11h39m47s93ms261µs300ns).
2023-05-07 22:01:29.722  INFO 10052 --- [AsyncResolver-bootstrap-executor-0] c.n.d.s.r.aws.ConfigClusterResolver      : Resolving eureka endpoints via configuration
