2023-05-07 08:40:36.719  INFO 17484 --- [restartedMain] com.deng.proj.ScwOrderApplication        : No active profile set, falling back to default profiles: default
2023-05-07 08:40:42.973  INFO 17484 --- [restartedMain] .s.d.r.c.RepositoryConfigurationDelegate : Multiple Spring Data modules found, entering strict repository configuration mode!
2023-05-07 08:40:42.975  INFO 17484 --- [restartedMain] .s.d.r.c.RepositoryConfigurationDelegate : Bootstrapping Spring Data JPA repositories in DEFAULT mode.
2023-05-07 08:40:43.287  INFO 17484 --- [restartedMain] .s.d.r.c.RepositoryConfigurationDelegate : Finished Spring Data repository scanning in 280ms. Found 3 JPA repository interfaces.
2023-05-07 08:40:43.358  INFO 17484 --- [restartedMain] .s.d.r.c.RepositoryConfigurationDelegate : Multiple Spring Data modules found, entering strict repository configuration mode!
2023-05-07 08:40:43.362  INFO 17484 --- [restartedMain] .s.d.r.c.RepositoryConfigurationDelegate : Bootstrapping Spring Data Redis repositories in DEFAULT mode.
2023-05-07 08:40:43.421  INFO 17484 --- [restartedMain] .RepositoryConfigurationExtensionSupport : Spring Data Redis - Could not safely identify store assignment for repository candidate interface com.deng.proj.repo.OrderRepository. If you want this repository to be a Redis repository, consider annotating your entities with one of these annotations: org.springframework.data.redis.core.RedisHash (preferred), or consider extending one of the following types with your repository: org.springframework.data.keyvalue.repository.KeyValueRepository.
2023-05-07 08:40:43.423  INFO 17484 --- [restartedMain] .RepositoryConfigurationExtensionSupport : Spring Data Redis - Could not safely identify store assignment for repository candidate interface com.deng.proj.repo.ProjectRepository. If you want this repository to be a Redis repository, consider annotating your entities with one of these annotations: org.springframework.data.redis.core.RedisHash (preferred), or consider extending one of the following types with your repository: org.springframework.data.keyvalue.repository.KeyValueRepository.
2023-05-07 08:40:43.425  INFO 17484 --- [restartedMain] .RepositoryConfigurationExtensionSupport : Spring Data Redis - Could not safely identify store assignment for repository candidate interface com.deng.proj.repo.TransactionRepository. If you want this repository to be a Redis repository, consider annotating your entities with one of these annotations: org.springframework.data.redis.core.RedisHash (preferred), or consider extending one of the following types with your repository: org.springframework.data.keyvalue.repository.KeyValueRepository.
2023-05-07 08:40:43.426  INFO 17484 --- [restartedMain] .s.d.r.c.RepositoryConfigurationDelegate : Finished Spring Data repository scanning in 33ms. Found 0 Redis repository interfaces.
2023-05-07 08:40:44.137  WARN 17484 --- [restartedMain] o.s.boot.actuate.endpoint.EndpointId     : Endpoint ID 'service-registry' contains invalid characters, please migrate to a valid format.
2023-05-07 08:40:44.224  WARN 17484 --- [restartedMain] o.s.boot.actuate.endpoint.EndpointId     : Endpoint ID 'hystrix.stream' contains invalid characters, please migrate to a valid format.
2023-05-07 08:40:44.919  INFO 17484 --- [restartedMain] o.s.cloud.context.scope.GenericScope     : BeanFactory id=441af288-ed1e-3419-8728-c1f812e62ed8
2023-05-07 08:40:45.516  INFO 17484 --- [restartedMain] trationDelegate$BeanPostProcessorChecker : Bean 'org.springframework.transaction.annotation.ProxyTransactionManagementConfiguration' of type [org.springframework.transaction.annotation.ProxyTransactionManagementConfiguration] is not eligible for getting processed by all BeanPostProcessors (for example: not eligible for auto-proxying)
2023-05-07 08:40:47.305  INFO 17484 --- [restartedMain] o.s.b.w.embedded.tomcat.TomcatWebServer  : Tomcat initialized with port(s): 8002 (http)
2023-05-07 08:40:47.333  INFO 17484 --- [restartedMain] o.apache.catalina.core.StandardService   : Starting service [Tomcat]
2023-05-07 08:40:47.338  INFO 17484 --- [restartedMain] org.apache.catalina.core.StandardEngine  : Starting Servlet engine: [Apache Tomcat/9.0.30]
2023-05-07 08:40:47.829  INFO 17484 --- [restartedMain] o.a.c.c.C.[Tomcat].[localhost].[/]       : Initializing Spring embedded WebApplicationContext
2023-05-07 08:40:47.829  INFO 17484 --- [restartedMain] o.s.web.context.ContextLoader            : Root WebApplicationContext: initialization completed in 10907 ms
2023-05-07 08:40:48.081  WARN 17484 --- [restartedMain] c.n.c.sources.URLConfigurationSource     : No URLs will be polled as dynamic configuration sources.
2023-05-07 08:40:48.081  INFO 17484 --- [restartedMain] c.n.c.sources.URLConfigurationSource     : To enable URLs as dynamic configuration sources, define System property archaius.configurationSource.additionalUrls or make config.properties available on classpath.
2023-05-07 08:40:48.108  INFO 17484 --- [restartedMain] c.netflix.config.DynamicPropertyFactory  : DynamicPropertyFactory is initialized with configuration sources: com.netflix.config.ConcurrentCompositeConfiguration@19f60bd4
2023-05-07 08:40:52.603  INFO 17484 --- [restartedMain] com.zaxxer.hikari.HikariDataSource       : HikariPool-1 - Starting...
2023-05-07 08:40:53.640  INFO 17484 --- [restartedMain] com.zaxxer.hikari.HikariDataSource       : HikariPool-1 - Start completed.
2023-05-07 08:40:53.779  INFO 17484 --- [restartedMain] o.hibernate.jpa.internal.util.LogHelper  : HHH000204: Processing PersistenceUnitInfo [name: default]
2023-05-07 08:40:54.109  INFO 17484 --- [restartedMain] org.hibernate.Version                    : HHH000412: Hibernate Core {5.4.10.Final}
2023-05-07 08:40:54.939  INFO 17484 --- [restartedMain] o.hibernate.annotations.common.Version   : HCANN000001: Hibernate Commons Annotations {5.1.0.Final}
2023-05-07 08:40:56.037  INFO 17484 --- [restartedMain] org.hibernate.dialect.Dialect            : HHH000400: Using dialect: org.hibernate.dialect.MySQL8Dialect
2023-05-07 08:40:59.464  INFO 17484 --- [restartedMain] o.h.e.t.j.p.i.JtaPlatformInitiator       : HHH000490: Using JtaPlatform implementation: [org.hibernate.engine.transaction.jta.platform.internal.NoJtaPlatform]
2023-05-07 08:40:59.515  INFO 17484 --- [restartedMain] j.LocalContainerEntityManagerFactoryBean : Initialized JPA EntityManagerFactory for persistence unit 'default'
2023-05-07 08:41:00.631  WARN 17484 --- [restartedMain] JpaBaseConfiguration$JpaWebConfiguration : spring.jpa.open-in-view is enabled by default. Therefore, database queries may be performed during view rendering. Explicitly configure spring.jpa.open-in-view to disable this warning
2023-05-07 08:41:00.957  INFO 17484 --- [restartedMain] o.s.b.d.a.OptionalLiveReloadServer       : LiveReload server is running on port 35729
2023-05-07 08:41:06.055  INFO 17484 --- [restartedMain] o.s.b.a.e.web.EndpointLinksResolver      : Exposing 1 endpoint(s) beneath base path '/actuator'
2023-05-07 08:41:06.530  INFO 17484 --- [restartedMain] pertySourcedRequestMappingHandlerMapping : Mapped URL path [/v2/api-docs] onto method [springfox.documentation.swagger2.web.Swagger2Controller#getDocumentation(String, HttpServletRequest)]
2023-05-07 08:41:06.642  WARN 17484 --- [restartedMain] c.n.c.sources.URLConfigurationSource     : No URLs will be polled as dynamic configuration sources.
2023-05-07 08:41:06.643  INFO 17484 --- [restartedMain] c.n.c.sources.URLConfigurationSource     : To enable URLs as dynamic configuration sources, define System property archaius.configurationSource.additionalUrls or make config.properties available on classpath.
2023-05-07 08:41:07.411  INFO 17484 --- [restartedMain] o.s.s.concurrent.ThreadPoolTaskExecutor  : Initializing ExecutorService 'applicationTaskExecutor'
2023-05-07 08:41:14.676  WARN 17484 --- [restartedMain] ockingLoadBalancerClientRibbonWarnLogger : You already have RibbonLoadBalancerClient on your classpath. It will be used by default. As Spring Cloud Ribbon is in maintenance mode. We recommend switching to BlockingLoadBalancerClient instead. In order to use it, set the value of `spring.cloud.loadbalancer.ribbon.enabled` to `false` or remove spring-cloud-starter-netflix-ribbon from your project.
2023-05-07 08:41:15.078  INFO 17484 --- [restartedMain] o.s.c.n.eureka.InstanceInfoFactory       : Setting initial instance status as: STARTING
2023-05-07 08:41:15.183  INFO 17484 --- [restartedMain] com.netflix.discovery.DiscoveryClient    : Initializing Eureka in region us-east-1
2023-05-07 08:41:15.403  INFO 17484 --- [restartedMain] c.n.d.provider.DiscoveryJerseyProvider   : Using JSON encoding codec LegacyJacksonJson
2023-05-07 08:41:15.407  INFO 17484 --- [restartedMain] c.n.d.provider.DiscoveryJerseyProvider   : Using JSON decoding codec LegacyJacksonJson
2023-05-07 08:41:15.897  INFO 17484 --- [restartedMain] c.n.d.provider.DiscoveryJerseyProvider   : Using XML encoding codec XStreamXml
2023-05-07 08:41:15.899  INFO 17484 --- [restartedMain] c.n.d.provider.DiscoveryJerseyProvider   : Using XML decoding codec XStreamXml
2023-05-07 08:41:16.907  INFO 17484 --- [restartedMain] c.n.d.s.r.aws.ConfigClusterResolver      : Resolving eureka endpoints via configuration
2023-05-07 08:41:18.945  INFO 17484 --- [restartedMain] com.netflix.discovery.DiscoveryClient    : Disable delta property : false
2023-05-07 08:41:18.945  INFO 17484 --- [restartedMain] com.netflix.discovery.DiscoveryClient    : Single vip registry refresh property : null
2023-05-07 08:41:18.947  INFO 17484 --- [restartedMain] com.netflix.discovery.DiscoveryClient    : Force full registry fetch : false
2023-05-07 08:41:18.947  INFO 17484 --- [restartedMain] com.netflix.discovery.DiscoveryClient    : Application is null : false
2023-05-07 08:41:18.948  INFO 17484 --- [restartedMain] com.netflix.discovery.DiscoveryClient    : Registered Applications size is zero : true
2023-05-07 08:41:18.948  INFO 17484 --- [restartedMain] com.netflix.discovery.DiscoveryClient    : Application version is -1: true
2023-05-07 08:41:18.948  INFO 17484 --- [restartedMain] com.netflix.discovery.DiscoveryClient    : Getting all instance registry info from the eureka server
2023-05-07 08:41:20.163  INFO 17484 --- [restartedMain] com.netflix.discovery.DiscoveryClient    : The response status is 200
2023-05-07 08:41:20.174  INFO 17484 --- [restartedMain] com.netflix.discovery.DiscoveryClient    : Starting heartbeat executor: renew interval is: 30
2023-05-07 08:41:20.182  INFO 17484 --- [restartedMain] c.n.discovery.InstanceInfoReplicator     : InstanceInfoReplicator onDemand update allowed rate per min is 4
2023-05-07 08:41:20.198  INFO 17484 --- [restartedMain] com.netflix.discovery.DiscoveryClient    : Discovery Client initialized at timestamp 1683420080194 with initial instances count: 0
2023-05-07 08:41:20.211  INFO 17484 --- [restartedMain] o.s.c.n.e.s.EurekaServiceRegistry        : Registering application SCW-ORDER with eureka with status UP
2023-05-07 08:41:20.213  INFO 17484 --- [restartedMain] com.netflix.discovery.DiscoveryClient    : Saw local status change event StatusChangeEvent [timestamp=1683420080213, current=UP, previous=STARTING]
2023-05-07 08:41:20.220  INFO 17484 --- [restartedMain] d.s.w.p.DocumentationPluginsBootstrapper : Context refreshed
2023-05-07 08:41:20.220  INFO 17484 --- [DiscoveryClient-InstanceInfoReplicator-0] com.netflix.discovery.DiscoveryClient    : DiscoveryClient_SCW-ORDER/LAPTOP-26G6KRJQ:scw-order:8002: registering service...
2023-05-07 08:41:20.281  INFO 17484 --- [restartedMain] d.s.w.p.DocumentationPluginsBootstrapper : Found 1 custom documentation plugin(s)
2023-05-07 08:41:20.381  INFO 17484 --- [restartedMain] s.d.s.w.s.ApiListingReferenceScanner     : Scanning for api listing references
2023-05-07 08:41:20.484  INFO 17484 --- [DiscoveryClient-InstanceInfoReplicator-0] com.netflix.discovery.DiscoveryClient    : DiscoveryClient_SCW-ORDER/LAPTOP-26G6KRJQ:scw-order:8002 - registration status: 204
2023-05-07 08:41:21.241  INFO 17484 --- [restartedMain] o.s.b.w.embedded.tomcat.TomcatWebServer  : Tomcat started on port(s): 8002 (http) with context path ''
2023-05-07 08:41:21.245  INFO 17484 --- [restartedMain] .s.c.n.e.s.EurekaAutoServiceRegistration : Updating port to 8002
2023-05-07 08:41:23.587  INFO 17484 --- [restartedMain] com.deng.proj.ScwOrderApplication        : Started ScwOrderApplication in 54.651 seconds (JVM running for 64.075)
2023-05-07 08:41:29.793  INFO 17484 --- [RMI TCP Connection(2)-172.19.64.1] o.a.c.c.C.[Tomcat].[localhost].[/]       : Initializing Spring DispatcherServlet 'dispatcherServlet'
2023-05-07 08:41:29.794  INFO 17484 --- [RMI TCP Connection(2)-172.19.64.1] o.s.web.servlet.DispatcherServlet        : Initializing Servlet 'dispatcherServlet'
2023-05-07 08:41:29.849  INFO 17484 --- [RMI TCP Connection(2)-172.19.64.1] o.s.web.servlet.DispatcherServlet        : Completed initialization in 55 ms
2023-05-07 08:41:30.609  INFO 17484 --- [boundedElastic-1] io.lettuce.core.EpollProvider            : Starting without optional epoll library
2023-05-07 08:41:30.619  INFO 17484 --- [boundedElastic-1] io.lettuce.core.KqueueProvider           : Starting without optional kqueue library
2023-05-07 08:41:50.190  INFO 17484 --- [DiscoveryClient-CacheRefreshExecutor-0] com.netflix.discovery.DiscoveryClient    : Disable delta property : false
2023-05-07 08:41:50.192  INFO 17484 --- [DiscoveryClient-CacheRefreshExecutor-0] com.netflix.discovery.DiscoveryClient    : Single vip registry refresh property : null
2023-05-07 08:41:50.194  INFO 17484 --- [DiscoveryClient-CacheRefreshExecutor-0] com.netflix.discovery.DiscoveryClient    : Force full registry fetch : false
2023-05-07 08:41:50.195  INFO 17484 --- [DiscoveryClient-CacheRefreshExecutor-0] com.netflix.discovery.DiscoveryClient    : Application is null : false
2023-05-07 08:41:50.195  INFO 17484 --- [DiscoveryClient-CacheRefreshExecutor-0] com.netflix.discovery.DiscoveryClient    : Registered Applications size is zero : true
2023-05-07 08:41:50.196  INFO 17484 --- [DiscoveryClient-CacheRefreshExecutor-0] com.netflix.discovery.DiscoveryClient    : Application version is -1: false
2023-05-07 08:41:50.196  INFO 17484 --- [DiscoveryClient-CacheRefreshExecutor-0] com.netflix.discovery.DiscoveryClient    : Getting all instance registry info from the eureka server
2023-05-07 08:41:50.347  INFO 17484 --- [DiscoveryClient-CacheRefreshExecutor-0] com.netflix.discovery.DiscoveryClient    : The response status is 200
2023-05-07 08:46:18.956  INFO 17484 --- [AsyncResolver-bootstrap-executor-0] c.n.d.s.r.aws.ConfigClusterResolver      : Resolving eureka endpoints via configuration
2023-05-07 09:01:32.596  WARN 17484 --- [HikariPool-1 housekeeper] com.zaxxer.hikari.pool.HikariPool        : HikariPool-1 - Thread starvation or clock leap detected (housekeeper delta=15m8s892ms348µs900ns).
2023-05-07 09:05:57.718  INFO 17484 --- [AsyncResolver-bootstrap-executor-0] c.n.d.s.r.aws.ConfigClusterResolver      : Resolving eureka endpoints via configuration
2023-05-07 09:10:57.735  INFO 17484 --- [AsyncResolver-bootstrap-executor-0] c.n.d.s.r.aws.ConfigClusterResolver      : Resolving eureka endpoints via configuration
2023-05-07 09:15:57.751  INFO 17484 --- [AsyncResolver-bootstrap-executor-0] c.n.d.s.r.aws.ConfigClusterResolver      : Resolving eureka endpoints via configuration
2023-05-07 09:20:57.768  INFO 17484 --- [AsyncResolver-bootstrap-executor-0] c.n.d.s.r.aws.ConfigClusterResolver      : Resolving eureka endpoints via configuration
2023-05-07 09:21:28.644  WARN 17484 --- [HikariPool-1 housekeeper] com.zaxxer.hikari.pool.HikariPool        : HikariPool-1 - Thread starvation or clock leap detected (housekeeper delta=55s816ms345µs700ns).
2023-05-07 09:22:59.097  INFO 17484 --- [hystrix-scw-project-1] c.netflix.config.ChainedDynamicProperty  : Flipping property: scw-project.ribbon.ActiveConnectionsLimit to use NEXT property: niws.loadbalancer.availabilityFilteringRule.activeConnectionsLimit = 2147483647
2023-05-07 09:22:59.131  INFO 17484 --- [hystrix-scw-project-1] c.n.u.concurrent.ShutdownEnabledTimer    : Shutdown hook installed for: NFLoadBalancer-PingTimer-scw-project
2023-05-07 09:22:59.133  INFO 17484 --- [hystrix-scw-project-1] c.netflix.loadbalancer.BaseLoadBalancer  : Client: scw-project instantiated a LoadBalancer: DynamicServerListLoadBalancer:{NFLoadBalancer:name=scw-project,current list of Servers=[],Load balancer stats=Zone stats: {},Server stats: []}ServerList:null
2023-05-07 09:22:59.146  INFO 17484 --- [hystrix-scw-project-1] c.n.l.DynamicServerListLoadBalancer      : Using serverListUpdater PollingServerListUpdater
2023-05-07 09:22:59.180  INFO 17484 --- [hystrix-scw-project-1] c.netflix.config.ChainedDynamicProperty  : Flipping property: scw-project.ribbon.ActiveConnectionsLimit to use NEXT property: niws.loadbalancer.availabilityFilteringRule.activeConnectionsLimit = 2147483647
2023-05-07 09:22:59.183  INFO 17484 --- [hystrix-scw-project-1] c.n.l.DynamicServerListLoadBalancer      : DynamicServerListLoadBalancer for client scw-project initialized: DynamicServerListLoadBalancer:{NFLoadBalancer:name=scw-project,current list of Servers=[192.168.46.1:8001],Load balancer stats=Zone stats: {defaultzone=[Zone:defaultzone;	Instance count:1;	Active connections count: 0;	Circuit breaker tripped count: 0;	Active connections per server: 0.0;]
},Server stats: [[Server:192.168.46.1:8001;	Zone:defaultZone;	Total Requests:0;	Successive connection failure:0;	Total blackout seconds:0;	Last connection made:Thu Jan 01 08:00:00 CST 1970;	First connection made: Thu Jan 01 08:00:00 CST 1970;	Active Connections:0;	total failure count in last (1000) msecs:0;	average resp time:0.0;	90 percentile resp time:0.0;	95 percentile resp time:0.0;	min resp time:0.0;	max resp time:0.0;	stddev resp time:0.0]
]}ServerList:org.springframework.cloud.netflix.ribbon.eureka.DomainExtractingServerList@5a831120
2023-05-07 09:23:00.163  INFO 17484 --- [PollingServerListUpdater-0] c.netflix.config.ChainedDynamicProperty  : Flipping property: scw-project.ribbon.ActiveConnectionsLimit to use NEXT property: niws.loadbalancer.availabilityFilteringRule.activeConnectionsLimit = 2147483647
2023-05-07 09:26:23.462  INFO 17484 --- [AsyncResolver-bootstrap-executor-0] c.n.d.s.r.aws.ConfigClusterResolver      : Resolving eureka endpoints via configuration
2023-05-07 09:31:25.246  INFO 17484 --- [AsyncResolver-bootstrap-executor-0] c.n.d.s.r.aws.ConfigClusterResolver      : Resolving eureka endpoints via configuration
2023-05-07 09:36:25.258  INFO 17484 --- [AsyncResolver-bootstrap-executor-0] c.n.d.s.r.aws.ConfigClusterResolver      : Resolving eureka endpoints via configuration
2023-05-07 09:41:25.263  INFO 17484 --- [AsyncResolver-bootstrap-executor-0] c.n.d.s.r.aws.ConfigClusterResolver      : Resolving eureka endpoints via configuration
2023-05-07 09:46:25.269  INFO 17484 --- [AsyncResolver-bootstrap-executor-0] c.n.d.s.r.aws.ConfigClusterResolver      : Resolving eureka endpoints via configuration
2023-05-07 09:51:29.101  INFO 17484 --- [AsyncResolver-bootstrap-executor-0] c.n.d.s.r.aws.ConfigClusterResolver      : Resolving eureka endpoints via configuration
2023-05-07 09:56:29.116  INFO 17484 --- [AsyncResolver-bootstrap-executor-0] c.n.d.s.r.aws.ConfigClusterResolver      : Resolving eureka endpoints via configuration
2023-05-07 10:01:29.131  INFO 17484 --- [AsyncResolver-bootstrap-executor-0] c.n.d.s.r.aws.ConfigClusterResolver      : Resolving eureka endpoints via configuration
2023-05-07 10:06:29.144  INFO 17484 --- [AsyncResolver-bootstrap-executor-0] c.n.d.s.r.aws.ConfigClusterResolver      : Resolving eureka endpoints via configuration
2023-05-07 10:11:29.156  INFO 17484 --- [AsyncResolver-bootstrap-executor-0] c.n.d.s.r.aws.ConfigClusterResolver      : Resolving eureka endpoints via configuration
2023-05-07 10:16:29.158  INFO 17484 --- [AsyncResolver-bootstrap-executor-0] c.n.d.s.r.aws.ConfigClusterResolver      : Resolving eureka endpoints via configuration
2023-05-07 22:00:22.151  WARN 17484 --- [HikariPool-1 housekeeper] com.zaxxer.hikari.pool.HikariPool        : HikariPool-1 - Thread starvation or clock leap detected (housekeeper delta=11h39m47s107ms782µs300ns).
2023-05-07 22:00:46.128  INFO 17484 --- [AsyncResolver-bootstrap-executor-0] c.n.d.s.r.aws.ConfigClusterResolver      : Resolving eureka endpoints via configuration
